SF:lib/data/datasources/movie_remote_data_source.dart
DA:24,1
DA:26,1
DA:29,3
DA:31,2
DA:32,4
DA:34,1
DA:38,1
DA:41,4
DA:43,2
DA:44,3
DA:46,1
DA:50,1
DA:52,1
DA:53,3
DA:55,2
DA:56,4
DA:58,1
DA:62,1
DA:65,3
DA:67,2
DA:68,4
DA:70,1
DA:74,1
DA:77,3
DA:79,2
DA:80,4
DA:82,1
DA:86,1
DA:88,1
DA:89,3
DA:91,2
DA:92,4
DA:94,1
LF:33
LH:33
end_of_record
SF:lib/data/models/movie_detail_model.dart
DA:6,2
DA:52,1
DA:53,1
DA:54,1
DA:55,1
DA:56,1
DA:57,1
DA:58,4
DA:59,1
DA:60,1
DA:61,1
DA:62,1
DA:63,1
DA:64,1
DA:65,2
DA:66,1
DA:67,1
DA:68,1
DA:69,1
DA:70,1
DA:71,1
DA:72,1
DA:73,1
DA:74,2
DA:75,1
DA:78,0
DA:79,0
DA:80,0
DA:81,0
DA:82,0
DA:83,0
DA:84,0
DA:85,0
DA:86,0
DA:87,0
DA:88,0
DA:89,0
DA:90,0
DA:91,0
DA:92,0
DA:93,0
DA:94,0
DA:95,0
DA:96,0
DA:97,0
DA:98,0
DA:99,0
DA:102,1
DA:103,1
DA:104,1
DA:105,1
DA:106,5
DA:107,1
DA:108,1
DA:109,1
DA:110,1
DA:111,1
DA:112,1
DA:113,1
DA:114,1
DA:115,1
DA:119,1
DA:121,1
DA:122,1
DA:123,1
DA:124,1
DA:125,1
DA:126,1
DA:127,1
DA:128,1
DA:129,1
DA:130,1
DA:131,1
DA:132,1
DA:133,1
DA:134,1
DA:135,1
DA:136,1
DA:137,1
DA:138,1
DA:139,1
DA:140,1
DA:141,1
DA:142,1
LF:84
LH:62
end_of_record
SF:lib/data/models/movie_response.dart
DA:7,2
DA:9,4
DA:10,4
DA:11,6
DA:12,6
DA:15,2
DA:16,5
DA:19,1
DA:20,2
LF:9
LH:9
end_of_record
SF:lib/data/datasources/db/database_helper.dart
DA:9,0
DA:13,0
DA:17,0
DA:19,0
DA:27,0
DA:28,0
DA:29,0
DA:31,0
DA:35,0
DA:36,0
DA:45,0
DA:55,0
DA:56,0
DA:57,0
DA:60,0
DA:61,0
DA:62,0
DA:65,0
DA:69,0
DA:70,0
DA:71,0
DA:74,0
DA:77,0
DA:78,0
DA:84,0
DA:85,0
DA:86,0
DA:91,0
DA:92,0
DA:93,0
DA:96,0
DA:97,0
DA:98,0
DA:101,0
DA:105,0
DA:106,0
DA:107,0
DA:110,0
DA:113,0
DA:114,0
DA:120,0
DA:121,0
DA:122,0
LF:43
LH:0
end_of_record
SF:lib/data/datasources/movie_local_data_source.dart
DA:15,1
DA:17,1
DA:20,2
DA:23,2
DA:27,1
DA:30,2
DA:33,2
DA:37,1
DA:39,2
DA:41,1
DA:47,1
DA:49,2
DA:50,4
LF:13
LH:13
end_of_record
SF:lib/data/datasources/tv_local_data_source.dart
DA:15,1
DA:17,1
DA:20,2
DA:23,2
DA:27,1
DA:30,2
DA:33,2
DA:37,1
DA:39,2
DA:41,1
DA:47,1
DA:49,2
DA:50,4
LF:13
LH:13
end_of_record
SF:lib/data/datasources/tv_remote_data_source.dart
DA:24,1
DA:26,1
DA:29,3
DA:31,2
DA:32,4
DA:34,1
DA:38,1
DA:41,3
DA:43,2
DA:44,4
DA:46,1
DA:50,1
DA:53,3
DA:55,2
DA:56,4
DA:58,1
DA:62,1
DA:65,4
DA:67,2
DA:68,3
DA:70,1
DA:74,1
DA:76,1
DA:77,3
DA:79,2
DA:80,4
DA:82,1
DA:86,1
DA:88,1
DA:89,3
DA:91,2
DA:92,4
DA:94,1
LF:33
LH:33
end_of_record
SF:lib/data/models/movie_model.dart
DA:5,4
DA:35,4
DA:36,2
DA:37,2
DA:38,8
DA:39,2
DA:40,2
DA:41,2
DA:42,4
DA:43,2
DA:44,2
DA:45,2
DA:46,2
DA:47,4
DA:48,2
DA:51,2
DA:52,1
DA:53,1
DA:54,4
DA:55,1
DA:56,1
DA:57,1
DA:58,1
DA:59,1
DA:60,1
DA:61,1
DA:62,1
DA:63,1
DA:64,1
DA:67,2
DA:68,2
DA:69,2
DA:70,2
DA:71,2
DA:72,2
DA:73,2
DA:74,2
DA:75,2
DA:76,2
DA:77,2
DA:78,2
DA:79,2
DA:80,2
DA:81,2
DA:85,2
DA:86,2
DA:87,2
DA:88,2
DA:89,2
DA:90,2
DA:91,2
DA:92,2
DA:93,2
DA:94,2
DA:95,2
DA:96,2
DA:97,2
DA:98,2
DA:99,2
LF:59
LH:59
end_of_record
SF:lib/data/models/movie_table.dart
DA:11,2
DA:18,2
DA:19,1
DA:20,1
DA:21,1
DA:22,1
DA:25,2
DA:26,1
DA:27,1
DA:28,1
DA:29,1
DA:32,0
DA:33,0
DA:34,0
DA:35,0
DA:36,0
DA:39,2
DA:40,1
DA:41,1
DA:42,1
DA:43,1
DA:46,2
DA:48,10
LF:23
LH:18
end_of_record
SF:lib/data/models/tv_detail_model.dart
DA:32,3
DA:59,2
DA:60,2
DA:61,2
DA:62,2
DA:63,6
DA:64,2
DA:65,2
DA:66,8
DA:67,2
DA:68,2
DA:69,2
DA:70,8
DA:71,2
DA:72,2
DA:73,2
DA:74,2
DA:75,2
DA:76,2
DA:77,2
DA:78,4
DA:79,2
DA:81,10
DA:82,2
DA:83,2
DA:84,2
DA:85,4
DA:86,2
DA:89,2
DA:90,1
DA:91,1
DA:92,3
DA:93,1
DA:94,5
DA:95,1
DA:96,1
DA:97,1
DA:98,4
DA:99,1
DA:100,1
DA:101,1
DA:102,1
DA:103,1
DA:104,1
DA:105,1
DA:106,1
DA:107,1
DA:108,5
DA:109,1
DA:110,1
DA:111,1
DA:112,1
DA:113,1
DA:116,1
DA:117,1
DA:118,1
DA:119,1
DA:120,1
DA:121,1
DA:122,5
DA:123,1
DA:124,1
DA:125,1
DA:126,1
DA:127,1
DA:128,1
DA:129,1
DA:130,1
DA:131,1
DA:132,1
DA:133,1
DA:134,1
DA:135,1
DA:136,5
DA:137,1
DA:138,1
DA:139,1
DA:140,1
DA:141,1
DA:145,1
DA:146,1
DA:147,1
DA:148,1
DA:149,1
DA:150,1
DA:151,1
DA:152,1
DA:153,1
DA:154,1
DA:155,1
DA:156,1
DA:157,1
DA:158,1
DA:159,1
DA:160,1
DA:161,1
DA:162,1
DA:163,1
DA:164,1
DA:165,1
DA:166,1
DA:167,1
DA:168,1
DA:169,1
DA:170,1
LF:105
LH:105
end_of_record
SF:lib/data/models/tv_model.dart
DA:20,3
DA:37,4
DA:38,2
DA:39,2
DA:40,8
DA:41,2
DA:42,8
DA:43,2
DA:44,2
DA:45,2
DA:46,4
DA:47,2
DA:48,2
DA:49,2
DA:50,4
DA:51,2
DA:54,2
DA:55,1
DA:56,1
DA:57,4
DA:58,1
DA:59,4
DA:60,1
DA:61,1
DA:62,1
DA:63,1
DA:64,1
DA:65,1
DA:66,1
DA:67,1
DA:68,1
DA:71,1
DA:72,1
DA:73,1
DA:74,1
DA:75,1
DA:76,1
DA:77,1
DA:78,1
DA:79,1
DA:80,1
DA:81,1
DA:82,1
DA:83,1
DA:84,1
DA:85,1
DA:86,1
DA:90,2
DA:91,2
DA:92,2
DA:93,2
DA:94,2
DA:95,2
DA:96,2
DA:97,2
DA:98,2
DA:99,2
DA:100,2
DA:101,2
DA:102,2
DA:103,2
DA:104,2
DA:105,2
LF:63
LH:63
end_of_record
SF:lib/data/models/tv_table.dart
DA:12,1
DA:19,0
DA:20,0
DA:21,0
DA:22,0
DA:23,0
DA:26,2
DA:27,1
DA:28,1
DA:29,1
DA:30,1
DA:33,0
DA:34,0
DA:35,0
DA:36,0
DA:37,0
DA:40,0
DA:41,0
DA:42,0
DA:43,0
DA:44,0
DA:47,1
DA:48,5
LF:23
LH:8
end_of_record
SF:lib/domain/entities/movie.dart
DA:4,7
DA:20,2
DA:41,2
DA:42,2
DA:43,2
DA:44,2
DA:45,2
DA:46,2
DA:47,2
DA:48,2
DA:49,2
DA:50,2
DA:51,2
DA:52,2
DA:53,2
DA:54,2
DA:55,2
LF:17
LH:17
end_of_record
SF:lib/domain/entities/movie_detail.dart
DA:5,4
DA:33,1
DA:34,1
DA:35,1
DA:36,1
DA:37,1
DA:38,1
DA:39,1
DA:40,1
DA:41,1
DA:42,1
DA:43,1
DA:44,1
DA:45,1
LF:14
LH:14
end_of_record
SF:lib/domain/entities/tv.dart
DA:19,7
DA:36,1
DA:43,1
DA:44,1
DA:45,1
DA:46,1
DA:47,1
DA:48,1
DA:49,1
DA:50,1
DA:51,1
DA:52,1
DA:53,1
DA:54,1
DA:55,1
DA:56,1
DA:57,1
DA:58,1
LF:18
LH:18
end_of_record
SF:lib/domain/entities/tv_detail.dart
DA:31,5
DA:58,1
DA:59,1
DA:60,1
DA:61,1
DA:62,1
DA:63,1
DA:64,1
DA:65,1
DA:66,1
DA:67,1
DA:68,1
DA:69,1
DA:70,1
DA:71,1
DA:72,1
DA:73,1
DA:74,1
DA:75,1
DA:76,1
DA:77,1
DA:78,1
DA:79,1
DA:80,1
DA:81,1
DA:82,1
DA:83,1
LF:27
LH:27
end_of_record
SF:lib/utils/failure.dart
DA:6,11
DA:8,1
DA:9,2
DA:13,18
DA:17,2
DA:21,6
LF:6
LH:6
end_of_record
SF:lib/styles/text_styles.dart
DA:4,0
DA:5,0
DA:6,0
DA:8,0
DA:10,0
DA:13,0
DA:14,0
DA:15,0
DA:16,0
DA:17,0
LF:10
LH:0
end_of_record
SF:lib/utils/exception.dart
DA:6,3
LF:1
LH:1
end_of_record
SF:lib/utils/exception.dart
DA:6,0
LF:1
LH:0
end_of_record
SF:lib/data/models/tv_response.dart
DA:7,2
DA:11,4
DA:13,10
DA:16,2
DA:17,5
DA:20,1
DA:21,2
LF:7
LH:7
end_of_record
SF:lib/data/models/genre_model.dart
DA:5,5
DA:13,6
DA:14,3
DA:15,3
DA:18,2
DA:19,1
DA:20,1
DA:23,2
DA:24,6
DA:27,2
DA:28,6
LF:11
LH:11
end_of_record
SF:lib/domain/entities/genre.dart
DA:4,9
DA:12,2
DA:13,6
LF:3
LH:3
end_of_record
SF:lib/data/models/season_model.dart
DA:14,3
DA:25,4
DA:26,2
DA:27,2
DA:28,2
DA:29,2
DA:30,2
DA:31,2
DA:32,2
DA:33,4
DA:36,4
DA:37,2
DA:38,2
DA:39,2
DA:40,2
DA:41,2
DA:42,2
DA:43,2
DA:44,2
DA:47,2
DA:48,2
DA:49,2
DA:50,2
DA:51,2
DA:52,2
DA:53,2
DA:54,2
DA:55,2
DA:56,2
DA:60,2
DA:61,2
DA:62,2
DA:63,2
DA:64,2
DA:65,2
DA:66,2
DA:67,2
DA:68,2
DA:69,2
LF:39
LH:39
end_of_record
SF:lib/domain/entities/season.dart
DA:13,6
DA:24,2
DA:25,2
DA:26,2
DA:27,2
DA:28,2
DA:29,2
DA:30,2
DA:31,2
DA:32,2
DA:33,2
LF:11
LH:11
end_of_record
SF:lib/data/repositories/movie_repository_impl.dart
DA:17,1
DA:22,1
DA:25,2
DA:26,5
DA:27,1
DA:28,2
DA:29,1
DA:30,2
DA:34,1
DA:37,2
DA:38,2
DA:39,1
DA:40,2
DA:41,1
DA:42,2
DA:46,1
DA:49,2
DA:50,3
DA:51,1
DA:52,2
DA:53,1
DA:54,2
DA:58,1
DA:61,2
DA:62,5
DA:63,1
DA:64,2
DA:65,1
DA:66,2
DA:70,1
DA:73,2
DA:74,5
DA:75,1
DA:76,2
DA:77,1
DA:78,2
DA:82,1
DA:85,2
DA:86,5
DA:87,1
DA:88,2
DA:89,1
DA:90,2
DA:94,1
DA:98,3
DA:99,1
DA:100,1
DA:101,3
DA:107,1
DA:111,3
DA:112,1
DA:113,1
DA:114,3
DA:118,1
DA:120,2
DA:124,1
DA:126,2
DA:127,5
LF:58
LH:58
end_of_record
SF:lib/domain/usecases/movie/get_top_rated_movies.dart
DA:9,1
DA:11,1
DA:12,2
LF:3
LH:3
end_of_record
SF:lib/domain/usecases/movie/get_movie_detail.dart
DA:9,1
DA:11,1
DA:12,2
LF:3
LH:3
end_of_record
SF:lib/domain/usecases/movie/save_watchlist.dart
DA:9,1
DA:11,1
DA:12,2
LF:3
LH:3
end_of_record
SF:lib/domain/usecases/movie/get_now_playing_movies.dart
DA:9,1
DA:11,1
DA:12,2
LF:3
LH:3
end_of_record
SF:lib/domain/usecases/movie/remove_watchlist.dart
DA:9,1
DA:11,1
DA:12,2
LF:3
LH:3
end_of_record
SF:lib/domain/usecases/movie/get_watchlist_movies.dart
DA:9,1
DA:11,1
DA:12,2
LF:3
LH:3
end_of_record
SF:lib/domain/usecases/movie/get_popular_movies.dart
DA:9,1
DA:11,1
DA:12,2
LF:3
LH:3
end_of_record
SF:lib/domain/usecases/tv/get_tv_watchlist_status.dart
DA:6,1
DA:8,1
DA:9,2
LF:3
LH:3
end_of_record
SF:lib/domain/usecases/movie/get_watchlist_status.dart
DA:6,1
DA:8,1
DA:9,2
LF:3
LH:3
end_of_record
SF:lib/domain/usecases/tv/search_tv.dart
DA:10,1
DA:12,1
DA:13,2
LF:3
LH:3
end_of_record
SF:lib/domain/usecases/movie/search_movies.dart
DA:9,1
DA:11,1
DA:12,2
LF:3
LH:3
end_of_record
SF:lib/domain/usecases/tv/save_tv_watchlist.dart
DA:10,1
DA:12,1
DA:13,2
LF:3
LH:3
end_of_record
SF:lib/domain/usecases/tv/remove_tv_watchlist.dart
DA:10,1
DA:12,1
DA:13,2
LF:3
LH:3
end_of_record
SF:lib/domain/usecases/tv/get_tv_top_rated.dart
DA:10,1
DA:12,1
DA:13,2
LF:3
LH:3
end_of_record
SF:lib/domain/usecases/tv/get_tv_airing_today.dart
DA:10,1
DA:12,1
DA:13,2
LF:3
LH:3
end_of_record
SF:lib/domain/usecases/tv/get_tv_recommendations.dart
DA:10,1
DA:12,1
DA:13,2
LF:3
LH:3
end_of_record
SF:lib/domain/usecases/tv/get_tv_popular.dart
DA:10,1
DA:12,1
DA:13,2
LF:3
LH:3
end_of_record
SF:lib/domain/usecases/tv/get_tv_watchlist.dart
DA:10,1
DA:12,1
DA:13,2
LF:3
LH:3
end_of_record
SF:lib/domain/usecases/tv/get_tv_detail.dart
DA:10,1
DA:12,1
DA:13,2
LF:3
LH:3
end_of_record
SF:lib/presentation/provider/movie/movie_list_notifier.dart
DA:12,2
DA:15,2
DA:18,2
DA:21,2
DA:24,2
DA:27,2
DA:30,2
DA:32,1
DA:42,1
DA:43,1
DA:44,1
DA:46,2
DA:47,1
DA:48,1
DA:49,1
DA:50,2
DA:51,1
DA:53,1
DA:54,1
DA:55,1
DA:56,1
DA:61,1
DA:62,1
DA:63,1
DA:65,2
DA:66,1
DA:67,1
DA:68,1
DA:69,2
DA:70,1
DA:72,1
DA:73,1
DA:74,1
DA:75,1
DA:80,1
DA:81,1
DA:82,1
DA:84,2
DA:85,1
DA:86,1
DA:87,1
DA:88,2
DA:89,1
DA:91,1
DA:92,1
DA:93,1
DA:94,1
LF:47
LH:47
end_of_record
SF:lib/presentation/provider/movie/popular_movies_notifier.dart
DA:11,1
DA:14,2
DA:17,2
DA:20,2
DA:22,1
DA:23,1
DA:24,1
DA:26,2
DA:28,1
DA:29,1
DA:30,2
DA:31,1
DA:32,1
DA:34,1
DA:35,1
DA:36,1
DA:37,1
LF:17
LH:17
end_of_record
SF:lib/presentation/provider/movie/movie_search_notifier.dart
DA:11,1
DA:14,2
DA:17,2
DA:20,2
DA:22,1
DA:23,1
DA:24,1
DA:26,2
DA:27,1
DA:28,1
DA:29,2
DA:30,1
DA:31,1
DA:33,1
DA:34,1
DA:35,1
DA:36,1
LF:17
LH:17
end_of_record
SF:lib/presentation/provider/movie/watchlist_movie_notifier.dart
DA:10,2
DA:13,2
DA:16,2
DA:18,1
DA:22,1
DA:23,1
DA:24,1
DA:26,2
DA:27,1
DA:28,1
DA:29,1
DA:30,2
DA:31,1
DA:33,1
DA:34,1
DA:35,1
DA:36,1
LF:17
LH:17
end_of_record
SF:lib/presentation/provider/tv/tv_list_notifier.dart
DA:12,2
DA:15,2
DA:18,2
DA:21,2
DA:24,2
DA:27,2
DA:30,2
DA:32,1
DA:42,1
DA:43,1
DA:44,1
DA:46,2
DA:47,1
DA:48,1
DA:49,1
DA:50,2
DA:51,1
DA:53,1
DA:54,1
DA:55,1
DA:56,1
DA:61,1
DA:62,1
DA:63,1
DA:65,2
DA:66,1
DA:67,1
DA:68,1
DA:69,2
DA:70,1
DA:72,1
DA:73,1
DA:74,1
DA:75,1
DA:80,1
DA:81,1
DA:82,1
DA:84,2
DA:85,1
DA:86,1
DA:87,1
DA:88,2
DA:89,1
DA:91,1
DA:92,1
DA:93,1
DA:94,1
LF:47
LH:47
end_of_record
SF:lib/presentation/provider/movie/top_rated_movies_notifier.dart
DA:11,1
DA:14,2
DA:17,2
DA:20,2
DA:22,1
DA:23,1
DA:24,1
DA:26,2
DA:28,1
DA:29,1
DA:30,2
DA:31,1
DA:32,1
DA:34,1
DA:35,1
DA:36,1
DA:37,1
LF:17
LH:17
end_of_record
SF:lib/presentation/provider/tv/tv_popular_notifier.dart
DA:10,1
DA:13,2
DA:16,2
DA:19,2
DA:21,1
DA:22,1
DA:23,1
DA:25,2
DA:26,1
DA:27,1
DA:28,1
DA:29,2
DA:30,1
DA:32,1
DA:33,1
DA:34,1
DA:35,1
LF:17
LH:17
end_of_record
SF:lib/presentation/provider/tv/tv_top_rated_notifier.dart
DA:11,1
DA:14,2
DA:17,2
DA:20,2
DA:22,1
DA:23,1
DA:24,1
DA:26,2
DA:27,1
DA:28,1
DA:29,1
DA:30,2
DA:31,1
DA:33,1
DA:34,1
DA:35,1
DA:36,1
LF:17
LH:17
end_of_record
SF:lib/presentation/provider/tv/tv_watchlist_notifier.dart
DA:10,2
DA:13,2
DA:16,2
DA:18,1
DA:22,1
DA:23,1
DA:24,1
DA:26,2
DA:27,1
DA:28,1
DA:29,1
DA:30,2
DA:31,1
DA:33,1
DA:34,1
DA:35,1
DA:36,1
LF:17
LH:17
end_of_record
SF:lib/presentation/provider/tv/tv_search_notifier.dart
DA:11,1
DA:14,2
DA:17,2
DA:20,2
DA:22,1
DA:23,1
DA:24,1
DA:26,2
DA:27,1
DA:28,1
DA:29,2
DA:30,1
DA:31,1
DA:33,1
DA:34,1
DA:35,1
DA:36,1
LF:17
LH:17
end_of_record
SF:lib/presentation/provider/tv/tv_detail_notifier.dart
DA:24,1
DA:33,2
DA:36,2
DA:39,0
DA:42,0
DA:45,0
DA:48,0
DA:50,1
DA:51,1
DA:52,1
DA:53,2
DA:54,2
DA:55,1
DA:56,0
DA:57,0
DA:58,0
DA:59,0
DA:61,1
DA:62,1
DA:63,1
DA:64,1
DA:65,1
DA:66,0
DA:67,0
DA:68,0
DA:70,1
DA:71,1
DA:72,1
DA:75,1
DA:76,1
DA:82,0
DA:84,0
DA:85,0
DA:87,0
DA:88,0
DA:89,0
DA:91,0
DA:92,0
DA:96,0
DA:99,0
DA:100,0
DA:102,0
DA:103,0
DA:104,0
DA:106,0
DA:107,0
DA:111,0
DA:114,0
DA:115,0
DA:116,0
DA:117,0
LF:51
LH:19
end_of_record
